2024-01-13T14:10:38.515Z  INFO 141912 --- [restartedMain] c.m.messenger.MessengerApplication       : Starting MessengerApplication using Java 17.0.8 with PID 141912 (/home/siryoung/Projects/messenger/target/classes started by siryoung in /home/siryoung/Projects/messenger)
2024-01-13T14:10:38.550Z  INFO 141912 --- [restartedMain] c.m.messenger.MessengerApplication       : No active profile set, falling back to 1 default profile: "default"
2024-01-13T14:10:38.677Z  INFO 141912 --- [restartedMain] .e.DevToolsPropertyDefaultsPostProcessor : Devtools property defaults active! Set 'spring.devtools.add-properties' to 'false' to disable
2024-01-13T14:10:38.679Z  INFO 141912 --- [restartedMain] .e.DevToolsPropertyDefaultsPostProcessor : For additional web related logging consider setting the 'logging.level.web' property to 'DEBUG'
2024-01-13T14:10:40.246Z  INFO 141912 --- [restartedMain] .s.d.r.c.RepositoryConfigurationDelegate : Bootstrapping Spring Data JPA repositories in DEFAULT mode.
2024-01-13T14:10:40.350Z  INFO 141912 --- [restartedMain] .s.d.r.c.RepositoryConfigurationDelegate : Finished Spring Data repository scanning in 87 ms. Found 3 JPA repository interfaces.
2024-01-13T14:10:41.552Z  INFO 141912 --- [restartedMain] o.s.b.w.embedded.tomcat.TomcatWebServer  : Tomcat initialized with port(s): 8081 (http)
2024-01-13T14:10:41.572Z  INFO 141912 --- [restartedMain] o.apache.catalina.core.StandardService   : Starting service [Tomcat]
2024-01-13T14:10:41.576Z  INFO 141912 --- [restartedMain] o.apache.catalina.core.StandardEngine    : Starting Servlet engine: [Apache Tomcat/10.1.17]
2024-01-13T14:10:41.676Z  INFO 141912 --- [restartedMain] o.a.c.c.C.[Tomcat].[localhost].[/]       : Initializing Spring embedded WebApplicationContext
2024-01-13T14:10:41.679Z  INFO 141912 --- [restartedMain] w.s.c.ServletWebServerApplicationContext : Root WebApplicationContext: initialization completed in 2997 ms
2024-01-13T14:10:41.978Z  INFO 141912 --- [restartedMain] o.hibernate.jpa.internal.util.LogHelper  : HHH000204: Processing PersistenceUnitInfo [name: default]
2024-01-13T14:10:42.062Z  INFO 141912 --- [restartedMain] org.hibernate.Version                    : HHH000412: Hibernate ORM core version 6.2.17.Final
2024-01-13T14:10:42.066Z  INFO 141912 --- [restartedMain] org.hibernate.cfg.Environment            : HHH000406: Using bytecode reflection optimizer
2024-01-13T14:10:42.624Z  INFO 141912 --- [restartedMain] o.s.o.j.p.SpringPersistenceUnitInfo      : No LoadTimeWeaver setup: ignoring JPA class transformer
2024-01-13T14:10:42.659Z  INFO 141912 --- [restartedMain] com.zaxxer.hikari.HikariDataSource       : HikariPool-1 - Starting...
2024-01-13T14:10:43.145Z  INFO 141912 --- [restartedMain] com.zaxxer.hikari.pool.HikariPool        : HikariPool-1 - Added connection com.mysql.cj.jdbc.ConnectionImpl@5543d9e3
2024-01-13T14:10:43.148Z  INFO 141912 --- [restartedMain] com.zaxxer.hikari.HikariDataSource       : HikariPool-1 - Start completed.
2024-01-13T14:10:44.544Z  INFO 141912 --- [restartedMain] o.h.e.t.j.p.i.JtaPlatformInitiator       : HHH000489: No JTA platform available (set 'hibernate.transaction.jta.platform' to enable JTA platform integration)
2024-01-13T14:10:44.604Z  INFO 141912 --- [restartedMain] j.LocalContainerEntityManagerFactoryBean : Initialized JPA EntityManagerFactory for persistence unit 'default'
2024-01-13T14:10:44.725Z  WARN 141912 --- [restartedMain] ConfigServletWebServerApplicationContext : Exception encountered during context initialization - cancelling refresh attempt: org.springframework.beans.factory.UnsatisfiedDependencyException: Error creating bean with name 'chatController' defined in file [/home/siryoung/Projects/messenger/target/classes/com/markbay/messenger/controller/ChatController.class]: Unsatisfied dependency expressed through constructor parameter 0: No qualifying bean of type 'com.markbay.messenger.service.ChatMessageService' available: expected at least 1 bean which qualifies as autowire candidate. Dependency annotations: {}
2024-01-13T14:10:44.727Z  INFO 141912 --- [restartedMain] j.LocalContainerEntityManagerFactoryBean : Closing JPA EntityManagerFactory for persistence unit 'default'
2024-01-13T14:10:44.733Z  INFO 141912 --- [restartedMain] com.zaxxer.hikari.HikariDataSource       : HikariPool-1 - Shutdown initiated...
2024-01-13T14:10:44.762Z  INFO 141912 --- [restartedMain] com.zaxxer.hikari.HikariDataSource       : HikariPool-1 - Shutdown completed.
2024-01-13T14:10:44.765Z  INFO 141912 --- [restartedMain] o.apache.catalina.core.StandardService   : Stopping service [Tomcat]
2024-01-13T14:10:44.819Z  INFO 141912 --- [restartedMain] .s.b.a.l.ConditionEvaluationReportLogger : 

Error starting ApplicationContext. To display the condition evaluation report re-run your application with 'debug' enabled.
2024-01-13T14:10:44.856Z ERROR 141912 --- [restartedMain] o.s.b.d.LoggingFailureAnalysisReporter   : 

***************************
APPLICATION FAILED TO START
***************************

Description:

Parameter 0 of constructor in com.markbay.messenger.controller.ChatController required a bean of type 'com.markbay.messenger.service.ChatMessageService' that could not be found.


Action:

Consider defining a bean of type 'com.markbay.messenger.service.ChatMessageService' in your configuration.

2024-01-13T14:13:33.364Z  INFO 143397 --- [restartedMain] c.m.messenger.MessengerApplication       : Starting MessengerApplication using Java 17.0.8 with PID 143397 (/home/siryoung/Projects/messenger/target/classes started by siryoung in /home/siryoung/Projects/messenger)
2024-01-13T14:13:33.369Z  INFO 143397 --- [restartedMain] c.m.messenger.MessengerApplication       : No active profile set, falling back to 1 default profile: "default"
2024-01-13T14:13:33.532Z  INFO 143397 --- [restartedMain] .e.DevToolsPropertyDefaultsPostProcessor : Devtools property defaults active! Set 'spring.devtools.add-properties' to 'false' to disable
2024-01-13T14:13:33.533Z  INFO 143397 --- [restartedMain] .e.DevToolsPropertyDefaultsPostProcessor : For additional web related logging consider setting the 'logging.level.web' property to 'DEBUG'
2024-01-13T14:13:35.010Z  INFO 143397 --- [restartedMain] .s.d.r.c.RepositoryConfigurationDelegate : Bootstrapping Spring Data JPA repositories in DEFAULT mode.
2024-01-13T14:13:35.100Z  INFO 143397 --- [restartedMain] .s.d.r.c.RepositoryConfigurationDelegate : Finished Spring Data repository scanning in 79 ms. Found 3 JPA repository interfaces.
2024-01-13T14:13:36.024Z  INFO 143397 --- [restartedMain] o.s.b.w.embedded.tomcat.TomcatWebServer  : Tomcat initialized with port(s): 8081 (http)
2024-01-13T14:13:36.039Z  INFO 143397 --- [restartedMain] o.apache.catalina.core.StandardService   : Starting service [Tomcat]
2024-01-13T14:13:36.040Z  INFO 143397 --- [restartedMain] o.apache.catalina.core.StandardEngine    : Starting Servlet engine: [Apache Tomcat/10.1.17]
2024-01-13T14:13:36.120Z  INFO 143397 --- [restartedMain] o.a.c.c.C.[Tomcat].[localhost].[/]       : Initializing Spring embedded WebApplicationContext
2024-01-13T14:13:36.121Z  INFO 143397 --- [restartedMain] w.s.c.ServletWebServerApplicationContext : Root WebApplicationContext: initialization completed in 2585 ms
2024-01-13T14:13:36.343Z  INFO 143397 --- [restartedMain] o.hibernate.jpa.internal.util.LogHelper  : HHH000204: Processing PersistenceUnitInfo [name: default]
2024-01-13T14:13:36.394Z  INFO 143397 --- [restartedMain] org.hibernate.Version                    : HHH000412: Hibernate ORM core version 6.2.17.Final
2024-01-13T14:13:36.397Z  INFO 143397 --- [restartedMain] org.hibernate.cfg.Environment            : HHH000406: Using bytecode reflection optimizer
2024-01-13T14:13:36.790Z  INFO 143397 --- [restartedMain] o.s.o.j.p.SpringPersistenceUnitInfo      : No LoadTimeWeaver setup: ignoring JPA class transformer
2024-01-13T14:13:36.826Z  INFO 143397 --- [restartedMain] com.zaxxer.hikari.HikariDataSource       : HikariPool-1 - Starting...
2024-01-13T14:13:37.264Z  INFO 143397 --- [restartedMain] com.zaxxer.hikari.pool.HikariPool        : HikariPool-1 - Added connection com.mysql.cj.jdbc.ConnectionImpl@f4f1d01
2024-01-13T14:13:37.266Z  INFO 143397 --- [restartedMain] com.zaxxer.hikari.HikariDataSource       : HikariPool-1 - Start completed.
2024-01-13T14:13:38.611Z  INFO 143397 --- [restartedMain] o.h.e.t.j.p.i.JtaPlatformInitiator       : HHH000489: No JTA platform available (set 'hibernate.transaction.jta.platform' to enable JTA platform integration)
2024-01-13T14:13:38.680Z  INFO 143397 --- [restartedMain] j.LocalContainerEntityManagerFactoryBean : Initialized JPA EntityManagerFactory for persistence unit 'default'
2024-01-13T14:13:39.601Z  WARN 143397 --- [restartedMain] JpaBaseConfiguration$JpaWebConfiguration : spring.jpa.open-in-view is enabled by default. Therefore, database queries may be performed during view rendering. Explicitly configure spring.jpa.open-in-view to disable this warning
2024-01-13T14:13:40.127Z  INFO 143397 --- [restartedMain] o.s.b.d.a.OptionalLiveReloadServer       : LiveReload server is running on port 35729
2024-01-13T14:13:40.180Z  INFO 143397 --- [restartedMain] o.s.b.w.embedded.tomcat.TomcatWebServer  : Tomcat started on port(s): 8081 (http) with context path ''
2024-01-13T14:13:40.184Z  INFO 143397 --- [restartedMain] o.s.m.s.b.SimpleBrokerMessageHandler     : Starting...
2024-01-13T14:13:40.189Z  INFO 143397 --- [restartedMain] o.s.m.s.b.SimpleBrokerMessageHandler     : BrokerAvailabilityEvent[available=true, SimpleBrokerMessageHandler [org.springframework.messaging.simp.broker.DefaultSubscriptionRegistry@6542994f]]
2024-01-13T14:13:40.190Z  INFO 143397 --- [restartedMain] o.s.m.s.b.SimpleBrokerMessageHandler     : Started.
2024-01-13T14:13:40.210Z  INFO 143397 --- [restartedMain] c.m.messenger.MessengerApplication       : Started MessengerApplication in 7.841 seconds (process running for 8.95)
2024-01-13T14:14:40.174Z  INFO 143397 --- [MessageBroker-1] o.s.w.s.c.WebSocketMessageBrokerStats    : WebSocketSession[0 current WS(0)-HttpStream(0)-HttpPoll(0), 0 total, 0 closed abnormally (0 connect failure, 0 send limit, 0 transport error)], stompSubProtocol[processed CONNECT(0)-CONNECTED(0)-DISCONNECT(0)], stompBrokerRelay[null], inboundChannel[pool size = 0, active threads = 0, queued tasks = 0, completed tasks = 0], outboundChannel[pool size = 0, active threads = 0, queued tasks = 0, completed tasks = 0], sockJsScheduler[pool size = 1, active threads = 1, queued tasks = 0, completed tasks = 0]
2024-01-13T14:39:28.596Z  INFO 143397 --- [http-nio-8081-exec-1] o.a.c.c.C.[Tomcat].[localhost].[/]       : Initializing Spring DispatcherServlet 'dispatcherServlet'
2024-01-13T14:39:28.597Z  INFO 143397 --- [http-nio-8081-exec-1] o.s.web.servlet.DispatcherServlet        : Initializing Servlet 'dispatcherServlet'
2024-01-13T14:39:28.600Z  INFO 143397 --- [http-nio-8081-exec-1] o.s.web.servlet.DispatcherServlet        : Completed initialization in 2 ms
2024-01-13T14:44:40.175Z  INFO 143397 --- [MessageBroker-1] o.s.w.s.c.WebSocketMessageBrokerStats    : WebSocketSession[0 current WS(0)-HttpStream(0)-HttpPoll(0), 0 total, 0 closed abnormally (0 connect failure, 0 send limit, 0 transport error)], stompSubProtocol[processed CONNECT(0)-CONNECTED(0)-DISCONNECT(0)], stompBrokerRelay[null], inboundChannel[pool size = 0, active threads = 0, queued tasks = 0, completed tasks = 0], outboundChannel[pool size = 0, active threads = 0, queued tasks = 0, completed tasks = 0], sockJsScheduler[pool size = 2, active threads = 1, queued tasks = 0, completed tasks = 1]
2024-01-13T15:14:40.177Z  INFO 143397 --- [MessageBroker-2] o.s.w.s.c.WebSocketMessageBrokerStats    : WebSocketSession[0 current WS(0)-HttpStream(0)-HttpPoll(0), 0 total, 0 closed abnormally (0 connect failure, 0 send limit, 0 transport error)], stompSubProtocol[processed CONNECT(0)-CONNECTED(0)-DISCONNECT(0)], stompBrokerRelay[null], inboundChannel[pool size = 0, active threads = 0, queued tasks = 0, completed tasks = 0], outboundChannel[pool size = 0, active threads = 0, queued tasks = 0, completed tasks = 0], sockJsScheduler[pool size = 3, active threads = 1, queued tasks = 0, completed tasks = 2]
